[23:01:58] [ServerMain/INFO]: [bootstrap] Running Java 21 (OpenJDK 64-Bit Server VM 21.0.8+9-Ubuntu-0ubuntu124.04.1; Ubuntu null) on Linux 6.8.0-1030-azure (amd64)
[23:01:58] [ServerMain/INFO]: [bootstrap] Loading Paper 1.21.8-6-main@782ce95 (2025-07-18T20:26:58Z) for Minecraft 1.21.8
[23:01:58] [ServerMain/INFO]: [PluginInitializerManager] Initializing plugins...
[23:01:58] [ServerMain/INFO]: [PluginInitializerManager] Initialized 0 plugins
[23:01:59] [Paper Plugin Remapper Thread - 0/INFO]: [ReobfServer] Remapping server...
[23:02:06] [ServerMain/INFO]: Environment: Environment[sessionHost=https://sessionserver.mojang.com, servicesHost=https://api.minecraftservices.com, name=PROD]
[23:02:06] [ServerMain/INFO]: Found new data pack file/bukkit, loading it automatically
[23:02:06] [ServerMain/INFO]: Found new data pack paper, loading it automatically
[23:02:07] [ServerMain/INFO]: No existing world data, creating new world
[23:02:08] [Paper Plugin Remapper Thread - 0/INFO]: [ReobfServer] Done remapping server in 9000ms.
[23:02:09] [ServerMain/INFO]: Loaded 1407 recipes
[23:02:09] [ServerMain/INFO]: Loaded 1520 advancements
[23:02:09] [ServerMain/INFO]: [ca.spottedleaf.dataconverter.minecraft.datatypes.MCTypeRegistry] Initialising converters for DataConverter...
[23:02:09] [ServerMain/INFO]: [ca.spottedleaf.dataconverter.minecraft.datatypes.MCTypeRegistry] Finished initialising converters for DataConverter in 455.1ms
[23:02:09] [Server thread/INFO]: Starting minecraft server version 1.21.8
[23:02:09] [Server thread/INFO]: Loading properties
[23:02:09] [Server thread/INFO]: This server is running Paper version 1.21.8-6-main@782ce95 (2025-07-18T20:26:58Z) (Implementing API version 1.21.8-R0.1-SNAPSHOT)
[23:02:09] [Server thread/INFO]: [spark] This server bundles the spark profiler. For more information please visit https://docs.papermc.io/paper/profiling
[23:02:09] [Server thread/INFO]: Server Ping Player Sample Count: 12
[23:02:09] [Server thread/INFO]: Using 4 threads for Netty based IO
[23:02:10] [Server thread/INFO]: [MoonriseCommon] Paper is using 1 worker threads, 1 I/O threads
[23:02:10] [Server thread/INFO]: [ChunkTaskScheduler] Chunk system is using population gen parallelism: true
[23:02:11] [Server thread/INFO]: Default game type: SURVIVAL
[23:02:11] [Server thread/INFO]: Generating keypair
[23:02:11] [Server thread/INFO]: Starting Minecraft server on *:25565
[23:02:11] [Server thread/INFO]: Using epoll channel type
[23:02:11] [Server thread/INFO]: Paper: Using libdeflate (Linux x86_64) compression from Velocity.
[23:02:11] [Server thread/INFO]: Paper: Using OpenSSL 3.x.x (Linux x86_64) cipher from Velocity.
[23:02:11] [Server thread/INFO]: Server permissions file permissions.yml is empty, ignoring it
[23:02:11] [Server thread/WARN]: **** SERVER IS RUNNING IN OFFLINE/INSECURE MODE!
[23:02:11] [Server thread/WARN]: The server will make no attempt to authenticate usernames. Beware.
[23:02:11] [Server thread/WARN]: While this makes the game possible to play without internet access, it also opens up the ability for hackers to connect with any username they choose.
[23:02:11] [Server thread/WARN]: To change this, set "online-mode" to "true" in the server.properties file.
[23:02:11] [Server thread/INFO]: Preparing level "world"
[23:02:21] [Server thread/INFO]: Preparing start region for dimension minecraft:overworld
[23:02:21] [Server thread/INFO]: Preparing spawn area: 2%
[23:02:21] [Server thread/INFO]: Preparing spawn area: 2%
[23:02:22] [Server thread/INFO]: Preparing spawn area: 2%
[23:02:22] [Server thread/INFO]: Preparing spawn area: 6%
[23:02:23] [Server thread/INFO]: Preparing spawn area: 18%
[23:02:23] [Server thread/INFO]: Preparing spawn area: 18%
[23:02:24] [Server thread/INFO]: Preparing spawn area: 18%
[23:02:24] [Server thread/INFO]: Preparing spawn area: 34%
[23:02:25] [Server thread/INFO]: Preparing spawn area: 51%
[23:02:25] [Server thread/INFO]: Preparing spawn area: 61%
[23:02:26] [Server thread/INFO]: Preparing spawn area: 61%
[23:02:26] [Server thread/INFO]: Preparing spawn area: 63%
[23:02:26] [Server thread/INFO]: Time elapsed: 5712 ms
[23:02:26] [Server thread/INFO]: Preparing start region for dimension minecraft:the_nether
[23:02:26] [Server thread/INFO]: Preparing spawn area: 2%
[23:02:27] [Server thread/INFO]: Preparing spawn area: 2%
[23:02:27] [Server thread/INFO]: Preparing spawn area: 18%
[23:02:28] [Server thread/INFO]: Preparing spawn area: 51%
[23:02:28] [Server thread/INFO]: Time elapsed: 1793 ms
[23:02:28] [Server thread/INFO]: Preparing start region for dimension minecraft:the_end
[23:02:28] [Server thread/INFO]: Preparing spawn area: 2%
[23:02:29] [Server thread/INFO]: Preparing spawn area: 51%
[23:02:29] [Server thread/INFO]: Time elapsed: 590 ms
[23:02:29] [Server thread/INFO]: [spark] Starting background profiler...
[23:02:29] [Server thread/INFO]: Done preparing level "world" (18.242s)
[23:02:29] [Server thread/INFO]: Running delayed init tasks
[23:02:29] [Server thread/INFO]: Done (32.193s)! For help, type "help"
[23:02:37] [Server thread/INFO]: Stopping the server
[23:02:37] [Server thread/INFO]: Stopping server
[23:02:37] [Server thread/INFO]: Saving players
[23:02:37] [Server thread/INFO]: Saving worlds
[23:02:37] [Server thread/INFO]: Saving chunks for level 'ServerLevel[world]'/minecraft:overworld
[23:02:37] [Server thread/INFO]: [ChunkHolderManager] Waiting 60s for chunk system to halt for world 'world'
[23:02:37] [Server thread/INFO]: [ChunkHolderManager] Halted chunk system for world 'world'
[23:02:37] [Server thread/INFO]: [ChunkHolderManager] Saving all chunkholders for world 'world'
[23:02:38] [Server thread/INFO]: [ChunkHolderManager] Saved 841 block chunks, 49 entity chunks, 0 poi chunks in world 'world' in 0.99s
[23:02:38] [Server thread/INFO]: [ChunkHolderManager] Waiting 60s for chunk I/O to halt for world 'world'
[23:02:38] [Server thread/INFO]: [ChunkHolderManager] Halted I/O scheduler for world 'world'
[23:02:38] [Server thread/INFO]: Saving chunks for level 'ServerLevel[world_nether]'/minecraft:the_nether
[23:02:38] [Server thread/INFO]: [ChunkHolderManager] Waiting 60s for chunk system to halt for world 'world_nether'
[23:02:38] [Server thread/INFO]: [ChunkHolderManager] Halted chunk system for world 'world_nether'
[23:02:38] [Server thread/INFO]: [ChunkHolderManager] Saving all chunkholders for world 'world_nether'
[23:02:38] [Server thread/INFO]: [ChunkHolderManager] Saved 841 block chunks, 49 entity chunks, 0 poi chunks in world 'world_nether' in 0.33s
[23:02:38] [Server thread/INFO]: [ChunkHolderManager] Waiting 60s for chunk I/O to halt for world 'world_nether'
[23:02:38] [Server thread/INFO]: [ChunkHolderManager] Halted I/O scheduler for world 'world_nether'
[23:02:38] [Server thread/INFO]: Saving chunks for level 'ServerLevel[world_the_end]'/minecraft:the_end
[23:02:38] [Server thread/INFO]: [ChunkHolderManager] Waiting 60s for chunk system to halt for world 'world_the_end'
[23:02:38] [Server thread/INFO]: [ChunkHolderManager] Halted chunk system for world 'world_the_end'
[23:02:38] [Server thread/INFO]: [ChunkHolderManager] Saving all chunkholders for world 'world_the_end'
[23:02:39] [Server thread/INFO]: [ChunkHolderManager] Saved 841 block chunks, 49 entity chunks, 0 poi chunks in world 'world_the_end' in 0.27s
[23:02:39] [Server thread/INFO]: [ChunkHolderManager] Waiting 60s for chunk I/O to halt for world 'world_the_end'
[23:02:39] [Server thread/INFO]: [ChunkHolderManager] Halted I/O scheduler for world 'world_the_end'
[23:02:39] [Server thread/INFO]: ThreadedAnvilChunkStorage (world): All chunks are saved
[23:02:39] [Server thread/INFO]: ThreadedAnvilChunkStorage (DIM-1): All chunks are saved
[23:02:39] [Server thread/INFO]: ThreadedAnvilChunkStorage (DIM1): All chunks are saved
[23:02:39] [Server thread/INFO]: ThreadedAnvilChunkStorage: All dimensions are saved
[23:02:39] [Server thread/INFO]: Waiting for all RegionFile I/O tasks to complete...
[23:02:39] [Server thread/INFO]: All RegionFile I/O tasks to complete
[23:02:39] [Server thread/INFO]: [MoonriseCommon] Awaiting termination of worker pool for up to 60s...
[23:02:39] [Server thread/INFO]: [MoonriseCommon] Awaiting termination of I/O pool for up to 60s...
